mode: set
github.com/yourusername/shockwave/pkg/shockwave/http11/connection.go:30.42,31.11 1 1
github.com/yourusername/shockwave/pkg/shockwave/http11/connection.go:32.16,33.15 1 1
github.com/yourusername/shockwave/pkg/shockwave/http11/connection.go:34.19,35.18 1 1
github.com/yourusername/shockwave/pkg/shockwave/http11/connection.go:36.17,37.16 1 1
github.com/yourusername/shockwave/pkg/shockwave/http11/connection.go:38.19,39.18 1 1
github.com/yourusername/shockwave/pkg/shockwave/http11/connection.go:40.10,41.19 1 1
github.com/yourusername/shockwave/pkg/shockwave/http11/connection.go:106.49,113.2 1 1
github.com/yourusername/shockwave/pkg/shockwave/http11/connection.go:118.72,130.48 3 1
github.com/yourusername/shockwave/pkg/shockwave/http11/connection.go:130.48,132.3 1 1
github.com/yourusername/shockwave/pkg/shockwave/http11/connection.go:132.8,134.3 1 0
github.com/yourusername/shockwave/pkg/shockwave/http11/connection.go:136.2,136.49 1 1
github.com/yourusername/shockwave/pkg/shockwave/http11/connection.go:136.49,138.3 1 1
github.com/yourusername/shockwave/pkg/shockwave/http11/connection.go:138.8,140.3 1 0
github.com/yourusername/shockwave/pkg/shockwave/http11/connection.go:143.2,145.10 2 1
github.com/yourusername/shockwave/pkg/shockwave/http11/connection.go:149.46,151.2 1 1
github.com/yourusername/shockwave/pkg/shockwave/http11/connection.go:154.54,156.2 1 1
github.com/yourusername/shockwave/pkg/shockwave/http11/connection.go:166.81,169.6 2 1
github.com/yourusername/shockwave/pkg/shockwave/http11/connection.go:169.6,171.22 1 1
github.com/yourusername/shockwave/pkg/shockwave/http11/connection.go:171.22,173.4 1 0
github.com/yourusername/shockwave/pkg/shockwave/http11/connection.go:176.3,176.41 1 1
github.com/yourusername/shockwave/pkg/shockwave/http11/connection.go:176.41,178.4 1 0
github.com/yourusername/shockwave/pkg/shockwave/http11/connection.go:181.3,183.17 3 1
github.com/yourusername/shockwave/pkg/shockwave/http11/connection.go:183.17,184.48 1 1
github.com/yourusername/shockwave/pkg/shockwave/http11/connection.go:184.48,187.5 1 1
github.com/yourusername/shockwave/pkg/shockwave/http11/connection.go:189.4,189.14 1 0
github.com/yourusername/shockwave/pkg/shockwave/http11/connection.go:196.3,209.25 8 1
github.com/yourusername/shockwave/pkg/shockwave/http11/connection.go:209.25,211.4 1 1
github.com/yourusername/shockwave/pkg/shockwave/http11/connection.go:217.3,220.36 2 1
github.com/yourusername/shockwave/pkg/shockwave/http11/connection.go:220.36,224.4 3 0
github.com/yourusername/shockwave/pkg/shockwave/http11/connection.go:227.3,235.18 4 1
github.com/yourusername/shockwave/pkg/shockwave/http11/connection.go:235.18,237.4 1 1
github.com/yourusername/shockwave/pkg/shockwave/http11/connection.go:240.3,240.24 1 1
github.com/yourusername/shockwave/pkg/shockwave/http11/connection.go:245.41,246.21 1 1
github.com/yourusername/shockwave/pkg/shockwave/http11/connection.go:246.21,248.3 1 0
github.com/yourusername/shockwave/pkg/shockwave/http11/connection.go:250.2,250.9 1 1
github.com/yourusername/shockwave/pkg/shockwave/http11/connection.go:251.19,252.14 1 0
github.com/yourusername/shockwave/pkg/shockwave/http11/connection.go:253.10,254.15 1 1
github.com/yourusername/shockwave/pkg/shockwave/http11/connection.go:259.135,261.23 1 1
github.com/yourusername/shockwave/pkg/shockwave/http11/connection.go:261.23,263.3 1 1
github.com/yourusername/shockwave/pkg/shockwave/http11/connection.go:266.2,266.15 1 1
github.com/yourusername/shockwave/pkg/shockwave/http11/connection.go:266.15,268.3 1 1
github.com/yourusername/shockwave/pkg/shockwave/http11/connection.go:271.2,272.62 2 1
github.com/yourusername/shockwave/pkg/shockwave/http11/connection.go:272.62,274.3 1 1
github.com/yourusername/shockwave/pkg/shockwave/http11/connection.go:277.2,277.15 1 1
github.com/yourusername/shockwave/pkg/shockwave/http11/connection.go:277.15,279.3 1 0
github.com/yourusername/shockwave/pkg/shockwave/http11/connection.go:282.2,282.48 1 1
github.com/yourusername/shockwave/pkg/shockwave/http11/connection.go:282.48,284.68 2 0
github.com/yourusername/shockwave/pkg/shockwave/http11/connection.go:284.68,286.4 1 0
github.com/yourusername/shockwave/pkg/shockwave/http11/connection.go:289.2,289.14 1 1
github.com/yourusername/shockwave/pkg/shockwave/http11/connection.go:293.42,294.28 1 1
github.com/yourusername/shockwave/pkg/shockwave/http11/connection.go:294.28,297.3 2 1
github.com/yourusername/shockwave/pkg/shockwave/http11/connection.go:298.2,298.12 1 0
github.com/yourusername/shockwave/pkg/shockwave/http11/connection.go:302.36,304.43 1 1
github.com/yourusername/shockwave/pkg/shockwave/http11/connection.go:304.43,306.3 1 1
github.com/yourusername/shockwave/pkg/shockwave/http11/connection.go:309.2,315.23 3 1
github.com/yourusername/shockwave/pkg/shockwave/http11/connection.go:319.32,321.21 1 1
github.com/yourusername/shockwave/pkg/shockwave/http11/connection.go:321.21,324.3 2 1
github.com/yourusername/shockwave/pkg/shockwave/http11/connection.go:327.2,327.21 1 1
github.com/yourusername/shockwave/pkg/shockwave/http11/connection.go:327.21,330.3 2 1
github.com/yourusername/shockwave/pkg/shockwave/http11/connection.go:332.2,332.21 1 1
github.com/yourusername/shockwave/pkg/shockwave/http11/connection.go:332.21,335.3 2 1
github.com/yourusername/shockwave/pkg/shockwave/http11/connection.go:339.44,341.2 1 1
github.com/yourusername/shockwave/pkg/shockwave/http11/connection.go:344.43,346.2 1 1
github.com/yourusername/shockwave/pkg/shockwave/http11/connection.go:349.41,353.2 3 1
github.com/yourusername/shockwave/pkg/shockwave/http11/connection.go:356.47,360.30 3 1
github.com/yourusername/shockwave/pkg/shockwave/http11/connection.go:360.30,362.3 1 1
github.com/yourusername/shockwave/pkg/shockwave/http11/connection.go:364.2,364.39 1 1
github.com/yourusername/shockwave/pkg/shockwave/http11/header.go:39.48,41.31 1 1
github.com/yourusername/shockwave/pkg/shockwave/http11/header.go:41.31,43.3 1 1
github.com/yourusername/shockwave/pkg/shockwave/http11/header.go:44.2,44.33 1 1
github.com/yourusername/shockwave/pkg/shockwave/http11/header.go:44.33,46.3 1 1
github.com/yourusername/shockwave/pkg/shockwave/http11/header.go:49.2,49.26 1 1
github.com/yourusername/shockwave/pkg/shockwave/http11/header.go:49.26,59.3 7 1
github.com/yourusername/shockwave/pkg/shockwave/http11/header.go:62.2,62.23 1 1
github.com/yourusername/shockwave/pkg/shockwave/http11/header.go:62.23,64.3 1 1
github.com/yourusername/shockwave/pkg/shockwave/http11/header.go:65.2,66.12 2 1
github.com/yourusername/shockwave/pkg/shockwave/http11/header.go:76.42,79.38 1 1
github.com/yourusername/shockwave/pkg/shockwave/http11/header.go:79.38,81.64 1 1
github.com/yourusername/shockwave/pkg/shockwave/http11/header.go:81.64,83.4 1 1
github.com/yourusername/shockwave/pkg/shockwave/http11/header.go:87.2,87.23 1 1
github.com/yourusername/shockwave/pkg/shockwave/http11/header.go:87.23,89.46 1 1
github.com/yourusername/shockwave/pkg/shockwave/http11/header.go:89.46,91.4 1 1
github.com/yourusername/shockwave/pkg/shockwave/http11/header.go:94.2,94.12 1 1
github.com/yourusername/shockwave/pkg/shockwave/http11/header.go:102.48,104.16 2 1
github.com/yourusername/shockwave/pkg/shockwave/http11/header.go:104.16,106.3 1 1
github.com/yourusername/shockwave/pkg/shockwave/http11/header.go:107.2,107.20 1 1
github.com/yourusername/shockwave/pkg/shockwave/http11/header.go:112.40,114.38 1 1
github.com/yourusername/shockwave/pkg/shockwave/http11/header.go:114.38,116.64 1 1
github.com/yourusername/shockwave/pkg/shockwave/http11/header.go:116.64,118.4 1 1
github.com/yourusername/shockwave/pkg/shockwave/http11/header.go:122.2,122.23 1 1
github.com/yourusername/shockwave/pkg/shockwave/http11/header.go:122.23,125.3 2 1
github.com/yourusername/shockwave/pkg/shockwave/http11/header.go:127.2,127.14 1 1
github.com/yourusername/shockwave/pkg/shockwave/http11/header.go:135.48,137.31 1 1
github.com/yourusername/shockwave/pkg/shockwave/http11/header.go:137.31,139.3 1 0
github.com/yourusername/shockwave/pkg/shockwave/http11/header.go:140.2,140.33 1 1
github.com/yourusername/shockwave/pkg/shockwave/http11/header.go:140.33,142.3 1 0
github.com/yourusername/shockwave/pkg/shockwave/http11/header.go:145.2,145.38 1 1
github.com/yourusername/shockwave/pkg/shockwave/http11/header.go:145.38,147.64 1 1
github.com/yourusername/shockwave/pkg/shockwave/http11/header.go:147.64,152.4 3 1
github.com/yourusername/shockwave/pkg/shockwave/http11/header.go:156.2,156.23 1 1
github.com/yourusername/shockwave/pkg/shockwave/http11/header.go:156.23,158.39 2 1
github.com/yourusername/shockwave/pkg/shockwave/http11/header.go:158.39,161.4 2 1
github.com/yourusername/shockwave/pkg/shockwave/http11/header.go:165.2,165.27 1 1
github.com/yourusername/shockwave/pkg/shockwave/http11/header.go:170.35,172.38 1 1
github.com/yourusername/shockwave/pkg/shockwave/http11/header.go:172.38,174.64 1 1
github.com/yourusername/shockwave/pkg/shockwave/http11/header.go:174.64,176.21 1 1
github.com/yourusername/shockwave/pkg/shockwave/http11/header.go:176.21,181.5 4 1
github.com/yourusername/shockwave/pkg/shockwave/http11/header.go:182.4,183.10 2 1
github.com/yourusername/shockwave/pkg/shockwave/http11/header.go:188.2,188.23 1 1
github.com/yourusername/shockwave/pkg/shockwave/http11/header.go:188.23,190.3 1 1
github.com/yourusername/shockwave/pkg/shockwave/http11/header.go:194.28,196.23 2 1
github.com/yourusername/shockwave/pkg/shockwave/http11/header.go:196.23,198.3 1 1
github.com/yourusername/shockwave/pkg/shockwave/http11/header.go:199.2,199.14 1 1
github.com/yourusername/shockwave/pkg/shockwave/http11/header.go:207.26,210.2 2 1
github.com/yourusername/shockwave/pkg/shockwave/http11/header.go:217.66,219.38 1 1
github.com/yourusername/shockwave/pkg/shockwave/http11/header.go:219.38,222.28 3 1
github.com/yourusername/shockwave/pkg/shockwave/http11/header.go:222.28,224.4 1 1
github.com/yourusername/shockwave/pkg/shockwave/http11/header.go:228.2,228.23 1 1
github.com/yourusername/shockwave/pkg/shockwave/http11/header.go:228.23,229.39 1 1
github.com/yourusername/shockwave/pkg/shockwave/http11/header.go:229.39,230.45 1 1
github.com/yourusername/shockwave/pkg/shockwave/http11/header.go:230.45,232.5 1 0
github.com/yourusername/shockwave/pkg/shockwave/http11/header.go:241.50,242.22 1 1
github.com/yourusername/shockwave/pkg/shockwave/http11/header.go:242.22,244.3 1 1
github.com/yourusername/shockwave/pkg/shockwave/http11/header.go:245.2,245.30 1 1
github.com/yourusername/shockwave/pkg/shockwave/http11/header.go:245.30,246.37 1 1
github.com/yourusername/shockwave/pkg/shockwave/http11/header.go:246.37,248.4 1 1
github.com/yourusername/shockwave/pkg/shockwave/http11/header.go:250.2,250.13 1 1
github.com/yourusername/shockwave/pkg/shockwave/http11/header.go:258.27,259.26 1 1
github.com/yourusername/shockwave/pkg/shockwave/http11/header.go:259.26,261.3 1 1
github.com/yourusername/shockwave/pkg/shockwave/http11/header.go:262.2,262.10 1 1
github.com/yourusername/shockwave/pkg/shockwave/http11/method.go:8.41,10.21 1 1
github.com/yourusername/shockwave/pkg/shockwave/http11/method.go:11.9,12.63 1 1
github.com/yourusername/shockwave/pkg/shockwave/http11/method.go:12.63,14.4 1 1
github.com/yourusername/shockwave/pkg/shockwave/http11/method.go:15.3,15.63 1 1
github.com/yourusername/shockwave/pkg/shockwave/http11/method.go:15.63,17.4 1 1
github.com/yourusername/shockwave/pkg/shockwave/http11/method.go:19.9,20.83 1 1
github.com/yourusername/shockwave/pkg/shockwave/http11/method.go:20.83,22.4 1 1
github.com/yourusername/shockwave/pkg/shockwave/http11/method.go:23.3,23.83 1 1
github.com/yourusername/shockwave/pkg/shockwave/http11/method.go:23.83,25.4 1 1
github.com/yourusername/shockwave/pkg/shockwave/http11/method.go:27.9,28.103 1 1
github.com/yourusername/shockwave/pkg/shockwave/http11/method.go:28.103,30.4 1 1
github.com/yourusername/shockwave/pkg/shockwave/http11/method.go:31.3,31.103 1 1
github.com/yourusername/shockwave/pkg/shockwave/http11/method.go:31.103,33.4 1 1
github.com/yourusername/shockwave/pkg/shockwave/http11/method.go:35.9,37.61 1 1
github.com/yourusername/shockwave/pkg/shockwave/http11/method.go:37.61,39.4 1 1
github.com/yourusername/shockwave/pkg/shockwave/http11/method.go:41.9,43.81 1 1
github.com/yourusername/shockwave/pkg/shockwave/http11/method.go:43.81,45.4 1 1
github.com/yourusername/shockwave/pkg/shockwave/http11/method.go:46.3,47.81 1 1
github.com/yourusername/shockwave/pkg/shockwave/http11/method.go:47.81,49.4 1 1
github.com/yourusername/shockwave/pkg/shockwave/http11/method.go:52.2,52.22 1 1
github.com/yourusername/shockwave/pkg/shockwave/http11/method.go:59.36,60.12 1 1
github.com/yourusername/shockwave/pkg/shockwave/http11/method.go:61.17,62.25 1 1
github.com/yourusername/shockwave/pkg/shockwave/http11/method.go:63.18,64.26 1 1
github.com/yourusername/shockwave/pkg/shockwave/http11/method.go:65.17,66.25 1 1
github.com/yourusername/shockwave/pkg/shockwave/http11/method.go:67.20,68.28 1 1
github.com/yourusername/shockwave/pkg/shockwave/http11/method.go:69.19,70.27 1 1
github.com/yourusername/shockwave/pkg/shockwave/http11/method.go:71.18,72.26 1 1
github.com/yourusername/shockwave/pkg/shockwave/http11/method.go:73.21,74.29 1 1
github.com/yourusername/shockwave/pkg/shockwave/http11/method.go:75.21,76.29 1 1
github.com/yourusername/shockwave/pkg/shockwave/http11/method.go:77.19,78.27 1 1
github.com/yourusername/shockwave/pkg/shockwave/http11/method.go:79.10,80.12 1 1
github.com/yourusername/shockwave/pkg/shockwave/http11/method.go:88.35,89.12 1 1
github.com/yourusername/shockwave/pkg/shockwave/http11/method.go:90.17,91.24 1 1
github.com/yourusername/shockwave/pkg/shockwave/http11/method.go:92.18,93.25 1 1
github.com/yourusername/shockwave/pkg/shockwave/http11/method.go:94.17,95.24 1 1
github.com/yourusername/shockwave/pkg/shockwave/http11/method.go:96.20,97.27 1 1
github.com/yourusername/shockwave/pkg/shockwave/http11/method.go:98.19,99.26 1 1
github.com/yourusername/shockwave/pkg/shockwave/http11/method.go:100.18,101.25 1 1
github.com/yourusername/shockwave/pkg/shockwave/http11/method.go:102.21,103.28 1 1
github.com/yourusername/shockwave/pkg/shockwave/http11/method.go:104.21,105.28 1 1
github.com/yourusername/shockwave/pkg/shockwave/http11/method.go:106.19,107.26 1 1
github.com/yourusername/shockwave/pkg/shockwave/http11/method.go:108.10,109.13 1 1
github.com/yourusername/shockwave/pkg/shockwave/http11/method.go:115.37,117.2 1 1
github.com/yourusername/shockwave/pkg/shockwave/http11/parser.go:12.26,15.3 2 1
github.com/yourusername/shockwave/pkg/shockwave/http11/parser.go:41.26,45.2 1 1
github.com/yourusername/shockwave/pkg/shockwave/http11/parser.go:62.55,70.26 3 1
github.com/yourusername/shockwave/pkg/shockwave/http11/parser.go:70.26,73.3 2 1
github.com/yourusername/shockwave/pkg/shockwave/http11/parser.go:73.8,75.3 1 1
github.com/yourusername/shockwave/pkg/shockwave/http11/parser.go:77.2,77.54 1 1
github.com/yourusername/shockwave/pkg/shockwave/http11/parser.go:77.54,79.3 1 1
github.com/yourusername/shockwave/pkg/shockwave/http11/parser.go:82.2,92.16 7 1
github.com/yourusername/shockwave/pkg/shockwave/http11/parser.go:92.16,96.3 2 1
github.com/yourusername/shockwave/pkg/shockwave/http11/parser.go:99.2,99.57 1 1
github.com/yourusername/shockwave/pkg/shockwave/http11/parser.go:99.57,103.3 2 1
github.com/yourusername/shockwave/pkg/shockwave/http11/parser.go:106.2,106.50 1 1
github.com/yourusername/shockwave/pkg/shockwave/http11/parser.go:106.50,110.3 2 0
github.com/yourusername/shockwave/pkg/shockwave/http11/parser.go:112.2,112.17 1 1
github.com/yourusername/shockwave/pkg/shockwave/http11/parser.go:118.57,126.16 5 1
github.com/yourusername/shockwave/pkg/shockwave/http11/parser.go:126.16,128.34 2 1
github.com/yourusername/shockwave/pkg/shockwave/http11/parser.go:128.34,130.4 1 0
github.com/yourusername/shockwave/pkg/shockwave/http11/parser.go:131.3,131.13 1 1
github.com/yourusername/shockwave/pkg/shockwave/http11/parser.go:131.13,132.21 1 1
github.com/yourusername/shockwave/pkg/shockwave/http11/parser.go:132.21,134.5 1 1
github.com/yourusername/shockwave/pkg/shockwave/http11/parser.go:135.4,135.12 1 0
github.com/yourusername/shockwave/pkg/shockwave/http11/parser.go:139.3,142.22 2 1
github.com/yourusername/shockwave/pkg/shockwave/http11/parser.go:142.22,145.23 2 1
github.com/yourusername/shockwave/pkg/shockwave/http11/parser.go:145.23,147.5 1 1
github.com/yourusername/shockwave/pkg/shockwave/http11/parser.go:149.4,150.17 2 1
github.com/yourusername/shockwave/pkg/shockwave/http11/parser.go:150.17,157.31 3 1
github.com/yourusername/shockwave/pkg/shockwave/http11/parser.go:157.31,162.6 3 1
github.com/yourusername/shockwave/pkg/shockwave/http11/parser.go:165.5,165.30 1 1
github.com/yourusername/shockwave/pkg/shockwave/http11/parser.go:170.3,170.53 1 1
github.com/yourusername/shockwave/pkg/shockwave/http11/parser.go:170.53,172.4 1 0
github.com/yourusername/shockwave/pkg/shockwave/http11/parser.go:174.3,174.20 1 1
github.com/yourusername/shockwave/pkg/shockwave/http11/parser.go:174.20,175.9 1 0
github.com/yourusername/shockwave/pkg/shockwave/http11/parser.go:179.2,179.15 1 1
github.com/yourusername/shockwave/pkg/shockwave/http11/parser.go:179.15,181.3 1 0
github.com/yourusername/shockwave/pkg/shockwave/http11/parser.go:183.2,183.12 1 1
github.com/yourusername/shockwave/pkg/shockwave/http11/parser.go:193.74,196.19 2 1
github.com/yourusername/shockwave/pkg/shockwave/http11/parser.go:196.19,198.3 1 0
github.com/yourusername/shockwave/pkg/shockwave/http11/parser.go:200.2,204.20 3 1
github.com/yourusername/shockwave/pkg/shockwave/http11/parser.go:204.20,206.3 1 1
github.com/yourusername/shockwave/pkg/shockwave/http11/parser.go:208.2,210.35 3 1
github.com/yourusername/shockwave/pkg/shockwave/http11/parser.go:210.35,212.3 1 1
github.com/yourusername/shockwave/pkg/shockwave/http11/parser.go:213.2,218.20 4 1
github.com/yourusername/shockwave/pkg/shockwave/http11/parser.go:218.20,220.3 1 1
github.com/yourusername/shockwave/pkg/shockwave/http11/parser.go:222.2,226.20 3 1
github.com/yourusername/shockwave/pkg/shockwave/http11/parser.go:226.20,229.3 2 1
github.com/yourusername/shockwave/pkg/shockwave/http11/parser.go:229.8,232.3 2 1
github.com/yourusername/shockwave/pkg/shockwave/http11/parser.go:235.2,235.29 1 1
github.com/yourusername/shockwave/pkg/shockwave/http11/parser.go:235.29,237.3 1 0
github.com/yourusername/shockwave/pkg/shockwave/http11/parser.go:238.2,238.56 1 1
github.com/yourusername/shockwave/pkg/shockwave/http11/parser.go:238.56,240.3 1 1
github.com/yourusername/shockwave/pkg/shockwave/http11/parser.go:243.2,247.37 3 1
github.com/yourusername/shockwave/pkg/shockwave/http11/parser.go:247.37,249.3 1 1
github.com/yourusername/shockwave/pkg/shockwave/http11/parser.go:251.2,251.25 1 1
github.com/yourusername/shockwave/pkg/shockwave/http11/parser.go:259.63,262.6 2 1
github.com/yourusername/shockwave/pkg/shockwave/http11/parser.go:262.6,264.22 1 1
github.com/yourusername/shockwave/pkg/shockwave/http11/parser.go:264.22,265.9 1 0
github.com/yourusername/shockwave/pkg/shockwave/http11/parser.go:269.3,269.65 1 1
github.com/yourusername/shockwave/pkg/shockwave/http11/parser.go:269.65,270.9 1 1
github.com/yourusername/shockwave/pkg/shockwave/http11/parser.go:274.3,275.20 2 1
github.com/yourusername/shockwave/pkg/shockwave/http11/parser.go:275.20,277.4 1 0
github.com/yourusername/shockwave/pkg/shockwave/http11/parser.go:278.3,284.21 4 1
github.com/yourusername/shockwave/pkg/shockwave/http11/parser.go:284.21,286.4 1 1
github.com/yourusername/shockwave/pkg/shockwave/http11/parser.go:288.3,296.39 5 1
github.com/yourusername/shockwave/pkg/shockwave/http11/parser.go:296.39,298.4 1 1
github.com/yourusername/shockwave/pkg/shockwave/http11/parser.go:301.3,301.53 1 1
github.com/yourusername/shockwave/pkg/shockwave/http11/parser.go:301.53,303.4 1 0
github.com/yourusername/shockwave/pkg/shockwave/http11/parser.go:306.3,306.66 1 1
github.com/yourusername/shockwave/pkg/shockwave/http11/parser.go:306.66,308.4 1 1
github.com/yourusername/shockwave/pkg/shockwave/http11/parser.go:311.3,311.20 1 1
github.com/yourusername/shockwave/pkg/shockwave/http11/parser.go:314.2,314.12 1 1
github.com/yourusername/shockwave/pkg/shockwave/http11/parser.go:319.79,321.58 1 1
github.com/yourusername/shockwave/pkg/shockwave/http11/parser.go:321.58,323.17 2 1
github.com/yourusername/shockwave/pkg/shockwave/http11/parser.go:323.17,325.4 1 1
github.com/yourusername/shockwave/pkg/shockwave/http11/parser.go:326.3,327.13 2 1
github.com/yourusername/shockwave/pkg/shockwave/http11/parser.go:331.2,331.61 1 1
github.com/yourusername/shockwave/pkg/shockwave/http11/parser.go:331.61,334.54 1 1
github.com/yourusername/shockwave/pkg/shockwave/http11/parser.go:334.54,336.4 1 1
github.com/yourusername/shockwave/pkg/shockwave/http11/parser.go:337.3,337.13 1 1
github.com/yourusername/shockwave/pkg/shockwave/http11/parser.go:341.2,341.55 1 1
github.com/yourusername/shockwave/pkg/shockwave/http11/parser.go:341.55,342.52 1 1
github.com/yourusername/shockwave/pkg/shockwave/http11/parser.go:342.52,344.4 1 1
github.com/yourusername/shockwave/pkg/shockwave/http11/parser.go:345.3,345.13 1 1
github.com/yourusername/shockwave/pkg/shockwave/http11/parser.go:348.2,348.12 1 1
github.com/yourusername/shockwave/pkg/shockwave/http11/parser.go:352.67,354.62 1 1
github.com/yourusername/shockwave/pkg/shockwave/http11/parser.go:354.62,357.3 2 1
github.com/yourusername/shockwave/pkg/shockwave/http11/parser.go:360.2,360.27 1 1
github.com/yourusername/shockwave/pkg/shockwave/http11/parser.go:360.27,363.3 2 1
github.com/yourusername/shockwave/pkg/shockwave/http11/parser.go:366.2,366.21 1 1
github.com/yourusername/shockwave/pkg/shockwave/http11/parser.go:366.21,371.3 2 1
github.com/yourusername/shockwave/pkg/shockwave/http11/parser.go:373.2,373.12 1 0
github.com/yourusername/shockwave/pkg/shockwave/http11/parser.go:380.50,381.17 1 1
github.com/yourusername/shockwave/pkg/shockwave/http11/parser.go:381.17,383.3 1 0
github.com/yourusername/shockwave/pkg/shockwave/http11/parser.go:385.2,386.22 2 1
github.com/yourusername/shockwave/pkg/shockwave/http11/parser.go:386.22,387.25 1 1
github.com/yourusername/shockwave/pkg/shockwave/http11/parser.go:387.25,389.4 1 1
github.com/yourusername/shockwave/pkg/shockwave/http11/parser.go:390.3,393.12 2 1
github.com/yourusername/shockwave/pkg/shockwave/http11/parser.go:393.12,395.4 1 1
github.com/yourusername/shockwave/pkg/shockwave/http11/parser.go:397.2,397.15 1 1
github.com/yourusername/shockwave/pkg/shockwave/http11/parser.go:401.40,402.50 1 1
github.com/yourusername/shockwave/pkg/shockwave/http11/parser.go:402.50,404.3 1 1
github.com/yourusername/shockwave/pkg/shockwave/http11/parser.go:405.2,405.10 1 1
github.com/yourusername/shockwave/pkg/shockwave/http11/parser.go:409.41,410.64 1 1
github.com/yourusername/shockwave/pkg/shockwave/http11/parser.go:410.64,412.3 1 1
github.com/yourusername/shockwave/pkg/shockwave/http11/parser.go:413.2,413.10 1 1
github.com/yourusername/shockwave/pkg/shockwave/http11/pool.go:22.27,24.4 1 1
github.com/yourusername/shockwave/pkg/shockwave/http11/pool.go:29.27,31.4 1 1
github.com/yourusername/shockwave/pkg/shockwave/http11/pool.go:36.27,38.4 1 1
github.com/yourusername/shockwave/pkg/shockwave/http11/pool.go:44.27,47.4 2 1
github.com/yourusername/shockwave/pkg/shockwave/http11/pool.go:53.27,56.4 2 1
github.com/yourusername/shockwave/pkg/shockwave/http11/pool.go:61.27,63.4 1 1
github.com/yourusername/shockwave/pkg/shockwave/http11/pool.go:68.27,70.4 1 1
github.com/yourusername/shockwave/pkg/shockwave/http11/pool.go:82.28,86.2 3 1
github.com/yourusername/shockwave/pkg/shockwave/http11/pool.go:95.31,96.16 1 1
github.com/yourusername/shockwave/pkg/shockwave/http11/pool.go:96.16,99.3 2 1
github.com/yourusername/shockwave/pkg/shockwave/http11/pool.go:110.53,114.2 3 1
github.com/yourusername/shockwave/pkg/shockwave/http11/pool.go:123.44,124.15 1 1
github.com/yourusername/shockwave/pkg/shockwave/http11/pool.go:124.15,127.3 2 1
github.com/yourusername/shockwave/pkg/shockwave/http11/pool.go:138.26,140.2 1 1
github.com/yourusername/shockwave/pkg/shockwave/http11/pool.go:148.27,149.14 1 1
github.com/yourusername/shockwave/pkg/shockwave/http11/pool.go:149.14,151.19 1 1
github.com/yourusername/shockwave/pkg/shockwave/http11/pool.go:151.19,153.4 1 1
github.com/yourusername/shockwave/pkg/shockwave/http11/pool.go:155.3,156.20 2 1
github.com/yourusername/shockwave/pkg/shockwave/http11/pool.go:169.25,172.2 2 1
github.com/yourusername/shockwave/pkg/shockwave/http11/pool.go:181.28,182.48 1 1
github.com/yourusername/shockwave/pkg/shockwave/http11/pool.go:182.48,184.3 1 1
github.com/yourusername/shockwave/pkg/shockwave/http11/pool.go:186.2,187.22 2 1
github.com/yourusername/shockwave/pkg/shockwave/http11/pool.go:197.30,201.2 3 1
github.com/yourusername/shockwave/pkg/shockwave/http11/pool.go:210.33,211.47 1 1
github.com/yourusername/shockwave/pkg/shockwave/http11/pool.go:211.47,213.3 1 1
github.com/yourusername/shockwave/pkg/shockwave/http11/pool.go:215.2,216.27 2 1
github.com/yourusername/shockwave/pkg/shockwave/http11/pool.go:227.48,231.2 3 1
github.com/yourusername/shockwave/pkg/shockwave/http11/pool.go:240.39,241.15 1 1
github.com/yourusername/shockwave/pkg/shockwave/http11/pool.go:241.15,244.3 2 1
github.com/yourusername/shockwave/pkg/shockwave/http11/pool.go:253.48,257.2 3 1
github.com/yourusername/shockwave/pkg/shockwave/http11/pool.go:266.39,267.15 1 1
github.com/yourusername/shockwave/pkg/shockwave/http11/pool.go:267.15,271.3 3 1
github.com/yourusername/shockwave/pkg/shockwave/http11/pool.go:298.33,310.2 1 1
github.com/yourusername/shockwave/pkg/shockwave/http11/pool.go:318.29,320.29 1 1
github.com/yourusername/shockwave/pkg/shockwave/http11/pool.go:320.29,323.3 2 1
github.com/yourusername/shockwave/pkg/shockwave/http11/pool.go:326.2,326.29 1 1
github.com/yourusername/shockwave/pkg/shockwave/http11/pool.go:326.29,329.3 2 1
github.com/yourusername/shockwave/pkg/shockwave/http11/pool.go:332.2,332.29 1 1
github.com/yourusername/shockwave/pkg/shockwave/http11/pool.go:332.29,335.3 2 1
github.com/yourusername/shockwave/pkg/shockwave/http11/pool.go:338.2,338.29 1 1
github.com/yourusername/shockwave/pkg/shockwave/http11/pool.go:338.29,344.3 4 1
github.com/yourusername/shockwave/pkg/shockwave/http11/pool.go:347.2,347.29 1 1
github.com/yourusername/shockwave/pkg/shockwave/http11/pool.go:347.29,353.3 4 1
github.com/yourusername/shockwave/pkg/shockwave/http11/request.go:76.35,78.2 1 1
github.com/yourusername/shockwave/pkg/shockwave/http11/request.go:85.40,87.2 1 1
github.com/yourusername/shockwave/pkg/shockwave/http11/request.go:94.33,96.2 1 1
github.com/yourusername/shockwave/pkg/shockwave/http11/request.go:103.38,105.2 1 1
github.com/yourusername/shockwave/pkg/shockwave/http11/request.go:112.34,114.2 1 1
github.com/yourusername/shockwave/pkg/shockwave/http11/request.go:121.39,123.2 1 1
github.com/yourusername/shockwave/pkg/shockwave/http11/request.go:133.49,134.25 1 1
github.com/yourusername/shockwave/pkg/shockwave/http11/request.go:134.25,138.28 2 1
github.com/yourusername/shockwave/pkg/shockwave/http11/request.go:138.28,140.4 1 1
github.com/yourusername/shockwave/pkg/shockwave/http11/request.go:140.9,142.4 1 1
github.com/yourusername/shockwave/pkg/shockwave/http11/request.go:144.3,146.17 3 1
github.com/yourusername/shockwave/pkg/shockwave/http11/request.go:146.17,148.4 1 1
github.com/yourusername/shockwave/pkg/shockwave/http11/request.go:150.2,150.26 1 1
github.com/yourusername/shockwave/pkg/shockwave/http11/request.go:157.49,159.2 1 1
github.com/yourusername/shockwave/pkg/shockwave/http11/request.go:165.55,167.2 1 1
github.com/yourusername/shockwave/pkg/shockwave/http11/request.go:172.47,174.2 1 1
github.com/yourusername/shockwave/pkg/shockwave/http11/request.go:178.32,180.2 1 1
github.com/yourusername/shockwave/pkg/shockwave/http11/request.go:184.33,186.2 1 1
github.com/yourusername/shockwave/pkg/shockwave/http11/request.go:190.32,192.2 1 1
github.com/yourusername/shockwave/pkg/shockwave/http11/request.go:196.35,198.2 1 1
github.com/yourusername/shockwave/pkg/shockwave/http11/request.go:202.34,204.2 1 1
github.com/yourusername/shockwave/pkg/shockwave/http11/request.go:208.33,210.2 1 1
github.com/yourusername/shockwave/pkg/shockwave/http11/request.go:214.36,216.2 1 1
github.com/yourusername/shockwave/pkg/shockwave/http11/request.go:222.34,224.2 1 1
github.com/yourusername/shockwave/pkg/shockwave/http11/request.go:229.36,230.34 1 1
github.com/yourusername/shockwave/pkg/shockwave/http11/request.go:230.34,232.3 1 1
github.com/yourusername/shockwave/pkg/shockwave/http11/request.go:234.2,235.34 2 1
github.com/yourusername/shockwave/pkg/shockwave/http11/request.go:241.38,243.2 1 1
github.com/yourusername/shockwave/pkg/shockwave/http11/request.go:250.27,267.2 16 1
github.com/yourusername/shockwave/pkg/shockwave/http11/request.go:279.36,298.50 2 1
github.com/yourusername/shockwave/pkg/shockwave/http11/request.go:298.50,301.3 2 1
github.com/yourusername/shockwave/pkg/shockwave/http11/request.go:304.2,304.25 1 1
github.com/yourusername/shockwave/pkg/shockwave/http11/request.go:304.25,306.20 2 1
github.com/yourusername/shockwave/pkg/shockwave/http11/request.go:306.20,313.4 1 1
github.com/yourusername/shockwave/pkg/shockwave/http11/request.go:316.2,316.14 1 1
github.com/yourusername/shockwave/pkg/shockwave/http11/response.go:40.53,45.2 1 1
github.com/yourusername/shockwave/pkg/shockwave/http11/response.go:49.44,51.2 1 1
github.com/yourusername/shockwave/pkg/shockwave/http11/response.go:59.55,60.22 1 1
github.com/yourusername/shockwave/pkg/shockwave/http11/response.go:60.22,62.3 1 1
github.com/yourusername/shockwave/pkg/shockwave/http11/response.go:63.2,64.25 2 1
github.com/yourusername/shockwave/pkg/shockwave/http11/response.go:72.59,73.23 1 1
github.com/yourusername/shockwave/pkg/shockwave/http11/response.go:73.23,74.43 1 1
github.com/yourusername/shockwave/pkg/shockwave/http11/response.go:74.43,76.4 1 1
github.com/yourusername/shockwave/pkg/shockwave/http11/response.go:79.2,81.15 3 1
github.com/yourusername/shockwave/pkg/shockwave/http11/response.go:88.48,89.22 1 1
github.com/yourusername/shockwave/pkg/shockwave/http11/response.go:89.22,91.3 1 0
github.com/yourusername/shockwave/pkg/shockwave/http11/response.go:92.2,96.50 3 1
github.com/yourusername/shockwave/pkg/shockwave/http11/response.go:96.50,98.3 1 1
github.com/yourusername/shockwave/pkg/shockwave/http11/response.go:101.2,101.51 1 1
github.com/yourusername/shockwave/pkg/shockwave/http11/response.go:101.51,103.45 1 1
github.com/yourusername/shockwave/pkg/shockwave/http11/response.go:103.45,105.4 1 0
github.com/yourusername/shockwave/pkg/shockwave/http11/response.go:107.3,107.51 1 1
github.com/yourusername/shockwave/pkg/shockwave/http11/response.go:107.51,109.4 1 1
github.com/yourusername/shockwave/pkg/shockwave/http11/response.go:111.3,111.46 1 1
github.com/yourusername/shockwave/pkg/shockwave/http11/response.go:111.46,113.4 1 0
github.com/yourusername/shockwave/pkg/shockwave/http11/response.go:115.3,115.50 1 1
github.com/yourusername/shockwave/pkg/shockwave/http11/response.go:115.50,117.4 1 0
github.com/yourusername/shockwave/pkg/shockwave/http11/response.go:118.3,118.14 1 1
github.com/yourusername/shockwave/pkg/shockwave/http11/response.go:122.2,122.49 1 1
github.com/yourusername/shockwave/pkg/shockwave/http11/response.go:122.49,124.3 1 1
github.com/yourusername/shockwave/pkg/shockwave/http11/response.go:126.2,126.12 1 1
github.com/yourusername/shockwave/pkg/shockwave/http11/response.go:132.41,133.23 1 1
github.com/yourusername/shockwave/pkg/shockwave/http11/response.go:133.23,134.43 1 1
github.com/yourusername/shockwave/pkg/shockwave/http11/response.go:134.43,136.4 1 1
github.com/yourusername/shockwave/pkg/shockwave/http11/response.go:140.2,140.58 1 1
github.com/yourusername/shockwave/pkg/shockwave/http11/response.go:140.58,142.3 1 1
github.com/yourusername/shockwave/pkg/shockwave/http11/response.go:144.2,144.12 1 1
github.com/yourusername/shockwave/pkg/shockwave/http11/response.go:149.40,151.2 1 1
github.com/yourusername/shockwave/pkg/shockwave/http11/response.go:154.48,156.2 1 1
github.com/yourusername/shockwave/pkg/shockwave/http11/response.go:159.48,161.2 1 1
github.com/yourusername/shockwave/pkg/shockwave/http11/response.go:167.46,176.2 8 1
github.com/yourusername/shockwave/pkg/shockwave/http11/response.go:182.37,183.14 1 1
github.com/yourusername/shockwave/pkg/shockwave/http11/response.go:184.11,185.24 1 1
github.com/yourusername/shockwave/pkg/shockwave/http11/response.go:186.11,187.24 1 1
github.com/yourusername/shockwave/pkg/shockwave/http11/response.go:188.11,189.24 1 1
github.com/yourusername/shockwave/pkg/shockwave/http11/response.go:190.11,191.24 1 1
github.com/yourusername/shockwave/pkg/shockwave/http11/response.go:192.11,193.24 1 1
github.com/yourusername/shockwave/pkg/shockwave/http11/response.go:194.11,195.24 1 1
github.com/yourusername/shockwave/pkg/shockwave/http11/response.go:196.11,197.24 1 1
github.com/yourusername/shockwave/pkg/shockwave/http11/response.go:198.11,199.24 1 1
github.com/yourusername/shockwave/pkg/shockwave/http11/response.go:200.11,201.24 1 1
github.com/yourusername/shockwave/pkg/shockwave/http11/response.go:202.11,203.24 1 1
github.com/yourusername/shockwave/pkg/shockwave/http11/response.go:204.11,205.24 1 1
github.com/yourusername/shockwave/pkg/shockwave/http11/response.go:206.11,207.24 1 1
github.com/yourusername/shockwave/pkg/shockwave/http11/response.go:208.11,209.24 1 1
github.com/yourusername/shockwave/pkg/shockwave/http11/response.go:210.10,212.31 1 1
github.com/yourusername/shockwave/pkg/shockwave/http11/response.go:218.39,222.2 2 1
github.com/yourusername/shockwave/pkg/shockwave/http11/response.go:226.34,227.14 1 1
github.com/yourusername/shockwave/pkg/shockwave/http11/response.go:229.11,230.20 1 1
github.com/yourusername/shockwave/pkg/shockwave/http11/response.go:231.11,232.31 1 1
github.com/yourusername/shockwave/pkg/shockwave/http11/response.go:235.11,236.14 1 1
github.com/yourusername/shockwave/pkg/shockwave/http11/response.go:237.11,238.19 1 1
github.com/yourusername/shockwave/pkg/shockwave/http11/response.go:239.11,240.20 1 1
github.com/yourusername/shockwave/pkg/shockwave/http11/response.go:241.11,242.41 1 1
github.com/yourusername/shockwave/pkg/shockwave/http11/response.go:243.11,244.22 1 1
github.com/yourusername/shockwave/pkg/shockwave/http11/response.go:245.11,246.25 1 1
github.com/yourusername/shockwave/pkg/shockwave/http11/response.go:247.11,248.27 1 1
github.com/yourusername/shockwave/pkg/shockwave/http11/response.go:251.11,252.28 1 1
github.com/yourusername/shockwave/pkg/shockwave/http11/response.go:253.11,254.29 1 1
github.com/yourusername/shockwave/pkg/shockwave/http11/response.go:255.11,256.17 1 1
github.com/yourusername/shockwave/pkg/shockwave/http11/response.go:257.11,258.21 1 1
github.com/yourusername/shockwave/pkg/shockwave/http11/response.go:259.11,260.24 1 1
github.com/yourusername/shockwave/pkg/shockwave/http11/response.go:261.11,262.21 1 1
github.com/yourusername/shockwave/pkg/shockwave/http11/response.go:263.11,264.30 1 1
github.com/yourusername/shockwave/pkg/shockwave/http11/response.go:265.11,266.30 1 1
github.com/yourusername/shockwave/pkg/shockwave/http11/response.go:269.11,270.23 1 1
github.com/yourusername/shockwave/pkg/shockwave/http11/response.go:271.11,272.24 1 1
github.com/yourusername/shockwave/pkg/shockwave/http11/response.go:273.11,274.28 1 1
github.com/yourusername/shockwave/pkg/shockwave/http11/response.go:275.11,276.21 1 1
github.com/yourusername/shockwave/pkg/shockwave/http11/response.go:277.11,278.21 1 1
github.com/yourusername/shockwave/pkg/shockwave/http11/response.go:279.11,280.30 1 1
github.com/yourusername/shockwave/pkg/shockwave/http11/response.go:281.11,282.26 1 1
github.com/yourusername/shockwave/pkg/shockwave/http11/response.go:283.11,284.41 1 1
github.com/yourusername/shockwave/pkg/shockwave/http11/response.go:285.11,286.27 1 1
github.com/yourusername/shockwave/pkg/shockwave/http11/response.go:287.11,288.20 1 1
github.com/yourusername/shockwave/pkg/shockwave/http11/response.go:289.11,290.16 1 1
github.com/yourusername/shockwave/pkg/shockwave/http11/response.go:291.11,292.27 1 1
github.com/yourusername/shockwave/pkg/shockwave/http11/response.go:293.11,294.31 1 1
github.com/yourusername/shockwave/pkg/shockwave/http11/response.go:295.11,296.29 1 1
github.com/yourusername/shockwave/pkg/shockwave/http11/response.go:297.11,298.24 1 1
github.com/yourusername/shockwave/pkg/shockwave/http11/response.go:299.11,300.34 1 1
github.com/yourusername/shockwave/pkg/shockwave/http11/response.go:301.11,302.33 1 1
github.com/yourusername/shockwave/pkg/shockwave/http11/response.go:303.11,304.30 1 1
github.com/yourusername/shockwave/pkg/shockwave/http11/response.go:305.11,306.24 1 1
github.com/yourusername/shockwave/pkg/shockwave/http11/response.go:307.11,308.32 1 1
github.com/yourusername/shockwave/pkg/shockwave/http11/response.go:309.11,310.28 1 1
github.com/yourusername/shockwave/pkg/shockwave/http11/response.go:311.11,312.33 1 1
github.com/yourusername/shockwave/pkg/shockwave/http11/response.go:313.11,314.29 1 1
github.com/yourusername/shockwave/pkg/shockwave/http11/response.go:315.11,316.43 1 1
github.com/yourusername/shockwave/pkg/shockwave/http11/response.go:319.11,320.33 1 1
github.com/yourusername/shockwave/pkg/shockwave/http11/response.go:321.11,322.27 1 1
github.com/yourusername/shockwave/pkg/shockwave/http11/response.go:323.11,324.23 1 1
github.com/yourusername/shockwave/pkg/shockwave/http11/response.go:325.11,326.31 1 1
github.com/yourusername/shockwave/pkg/shockwave/http11/response.go:327.11,328.27 1 1
github.com/yourusername/shockwave/pkg/shockwave/http11/response.go:329.11,330.38 1 1
github.com/yourusername/shockwave/pkg/shockwave/http11/response.go:332.10,333.19 1 1
github.com/yourusername/shockwave/pkg/shockwave/http11/response.go:341.72,349.42 5 1
github.com/yourusername/shockwave/pkg/shockwave/http11/response.go:349.42,351.3 1 0
github.com/yourusername/shockwave/pkg/shockwave/http11/response.go:352.2,352.19 1 1
github.com/yourusername/shockwave/pkg/shockwave/http11/response.go:357.72,365.42 5 1
github.com/yourusername/shockwave/pkg/shockwave/http11/response.go:365.42,367.3 1 0
github.com/yourusername/shockwave/pkg/shockwave/http11/response.go:368.2,368.19 1 1
github.com/yourusername/shockwave/pkg/shockwave/http11/response.go:373.72,381.42 5 1
github.com/yourusername/shockwave/pkg/shockwave/http11/response.go:381.42,383.3 1 0
github.com/yourusername/shockwave/pkg/shockwave/http11/response.go:384.2,384.19 1 1
github.com/yourusername/shockwave/pkg/shockwave/http11/response.go:389.76,391.2 1 1
github.com/yourusername/shockwave/pkg/shockwave/http11/response.go:403.63,405.23 1 1
github.com/yourusername/shockwave/pkg/shockwave/http11/response.go:405.23,407.43 2 1
github.com/yourusername/shockwave/pkg/shockwave/http11/response.go:407.43,409.4 1 0
github.com/yourusername/shockwave/pkg/shockwave/http11/response.go:413.2,413.31 1 1
github.com/yourusername/shockwave/pkg/shockwave/http11/response.go:413.31,414.22 1 1
github.com/yourusername/shockwave/pkg/shockwave/http11/response.go:414.22,415.12 1 0
github.com/yourusername/shockwave/pkg/shockwave/http11/response.go:419.3,420.50 2 1
github.com/yourusername/shockwave/pkg/shockwave/http11/response.go:420.50,422.4 1 0
github.com/yourusername/shockwave/pkg/shockwave/http11/response.go:425.3,425.50 1 1
github.com/yourusername/shockwave/pkg/shockwave/http11/response.go:425.50,427.4 1 0
github.com/yourusername/shockwave/pkg/shockwave/http11/response.go:430.3,430.46 1 1
github.com/yourusername/shockwave/pkg/shockwave/http11/response.go:430.46,432.4 1 0
github.com/yourusername/shockwave/pkg/shockwave/http11/response.go:435.3,435.50 1 1
github.com/yourusername/shockwave/pkg/shockwave/http11/response.go:435.50,437.4 1 0
github.com/yourusername/shockwave/pkg/shockwave/http11/response.go:439.3,439.39 1 1
github.com/yourusername/shockwave/pkg/shockwave/http11/response.go:443.2,443.59 1 1
github.com/yourusername/shockwave/pkg/shockwave/http11/response.go:443.59,445.3 1 0
github.com/yourusername/shockwave/pkg/shockwave/http11/response.go:447.2,447.19 1 1
github.com/yourusername/shockwave/pkg/shockwave/http11/response.go:456.58,458.23 1 1
github.com/yourusername/shockwave/pkg/shockwave/http11/response.go:458.23,461.56 2 1
github.com/yourusername/shockwave/pkg/shockwave/http11/response.go:461.56,463.4 1 1
github.com/yourusername/shockwave/pkg/shockwave/http11/response.go:464.3,464.43 1 1
github.com/yourusername/shockwave/pkg/shockwave/http11/response.go:464.43,466.4 1 0
github.com/yourusername/shockwave/pkg/shockwave/http11/response.go:469.2,469.21 1 1
github.com/yourusername/shockwave/pkg/shockwave/http11/response.go:469.21,471.3 1 1
github.com/yourusername/shockwave/pkg/shockwave/http11/response.go:474.2,475.49 2 1
github.com/yourusername/shockwave/pkg/shockwave/http11/response.go:475.49,477.3 1 0
github.com/yourusername/shockwave/pkg/shockwave/http11/response.go:480.2,480.49 1 1
github.com/yourusername/shockwave/pkg/shockwave/http11/response.go:480.49,482.3 1 0
github.com/yourusername/shockwave/pkg/shockwave/http11/response.go:485.2,485.45 1 1
github.com/yourusername/shockwave/pkg/shockwave/http11/response.go:485.45,487.3 1 0
github.com/yourusername/shockwave/pkg/shockwave/http11/response.go:490.2,490.49 1 1
github.com/yourusername/shockwave/pkg/shockwave/http11/response.go:490.49,492.3 1 0
github.com/yourusername/shockwave/pkg/shockwave/http11/response.go:494.2,495.12 2 1
github.com/yourusername/shockwave/pkg/shockwave/http11/response.go:503.49,505.59 1 1
github.com/yourusername/shockwave/pkg/shockwave/http11/response.go:505.59,507.3 1 0
github.com/yourusername/shockwave/pkg/shockwave/http11/response.go:508.2,508.19 1 1
