mode: set
github.com/watt-toolkit/capacitor/pkg/capacitor/config.go:49.55,58.2 1 0
github.com/watt-toolkit/capacitor/pkg/capacitor/config.go:62.101,63.18 1 0
github.com/watt-toolkit/capacitor/pkg/capacitor/config.go:63.18,65.3 1 0
github.com/watt-toolkit/capacitor/pkg/capacitor/config.go:67.2,67.16 1 0
github.com/watt-toolkit/capacitor/pkg/capacitor/config.go:67.16,70.3 2 0
github.com/watt-toolkit/capacitor/pkg/capacitor/config.go:72.2,72.18 1 0
github.com/watt-toolkit/capacitor/pkg/capacitor/config.go:72.18,75.3 2 0
github.com/watt-toolkit/capacitor/pkg/capacitor/config.go:78.2,78.36 1 0
github.com/watt-toolkit/capacitor/pkg/capacitor/config.go:78.36,79.21 1 0
github.com/watt-toolkit/capacitor/pkg/capacitor/config.go:79.21,82.4 2 0
github.com/watt-toolkit/capacitor/pkg/capacitor/config.go:85.2,92.10 2 0
github.com/watt-toolkit/capacitor/pkg/capacitor/config.go:96.90,97.18 1 0
github.com/watt-toolkit/capacitor/pkg/capacitor/config.go:97.18,99.3 1 0
github.com/watt-toolkit/capacitor/pkg/capacitor/config.go:101.2,101.16 1 0
github.com/watt-toolkit/capacitor/pkg/capacitor/config.go:101.16,104.3 2 0
github.com/watt-toolkit/capacitor/pkg/capacitor/config.go:106.2,106.18 1 0
github.com/watt-toolkit/capacitor/pkg/capacitor/config.go:106.18,109.3 2 0
github.com/watt-toolkit/capacitor/pkg/capacitor/config.go:111.2,118.10 2 0
github.com/watt-toolkit/capacitor/pkg/capacitor/config.go:122.66,123.18 1 0
github.com/watt-toolkit/capacitor/pkg/capacitor/config.go:123.18,125.3 1 0
github.com/watt-toolkit/capacitor/pkg/capacitor/config.go:127.2,128.10 2 0
github.com/watt-toolkit/capacitor/pkg/capacitor/config.go:132.68,133.18 1 0
github.com/watt-toolkit/capacitor/pkg/capacitor/config.go:133.18,135.3 1 0
github.com/watt-toolkit/capacitor/pkg/capacitor/config.go:137.2,138.10 2 0
github.com/watt-toolkit/capacitor/pkg/capacitor/config.go:142.71,143.18 1 0
github.com/watt-toolkit/capacitor/pkg/capacitor/config.go:143.18,145.3 1 0
github.com/watt-toolkit/capacitor/pkg/capacitor/config.go:147.2,148.10 2 0
github.com/watt-toolkit/capacitor/pkg/capacitor/config.go:153.55,154.18 1 0
github.com/watt-toolkit/capacitor/pkg/capacitor/config.go:154.18,156.3 1 0
github.com/watt-toolkit/capacitor/pkg/capacitor/config.go:158.2,158.31 1 0
github.com/watt-toolkit/capacitor/pkg/capacitor/config.go:158.31,160.3 1 0
github.com/watt-toolkit/capacitor/pkg/capacitor/config.go:162.2,162.22 1 0
github.com/watt-toolkit/capacitor/pkg/capacitor/config.go:166.41,167.24 1 1
github.com/watt-toolkit/capacitor/pkg/capacitor/config.go:167.24,169.3 1 1
github.com/watt-toolkit/capacitor/pkg/capacitor/config.go:171.2,172.33 2 1
github.com/watt-toolkit/capacitor/pkg/capacitor/config.go:172.33,173.23 1 1
github.com/watt-toolkit/capacitor/pkg/capacitor/config.go:173.23,175.4 1 1
github.com/watt-toolkit/capacitor/pkg/capacitor/config.go:177.3,177.25 1 1
github.com/watt-toolkit/capacitor/pkg/capacitor/config.go:177.25,179.4 1 1
github.com/watt-toolkit/capacitor/pkg/capacitor/config.go:181.3,181.24 1 1
github.com/watt-toolkit/capacitor/pkg/capacitor/config.go:181.24,183.4 1 1
github.com/watt-toolkit/capacitor/pkg/capacitor/config.go:185.3,185.27 1 1
github.com/watt-toolkit/capacitor/pkg/capacitor/config.go:188.2,188.12 1 1
github.com/watt-toolkit/capacitor/pkg/capacitor/dal.go:310.35,311.32 1 0
github.com/watt-toolkit/capacitor/pkg/capacitor/dal.go:311.32,313.3 1 0
github.com/watt-toolkit/capacitor/pkg/capacitor/dal.go:317.37,318.32 1 0
github.com/watt-toolkit/capacitor/pkg/capacitor/dal.go:318.32,320.3 1 0
github.com/watt-toolkit/capacitor/pkg/capacitor/dal.go:324.43,325.32 1 0
github.com/watt-toolkit/capacitor/pkg/capacitor/dal.go:325.32,327.3 1 0
github.com/watt-toolkit/capacitor/pkg/capacitor/dal.go:331.49,332.32 1 1
github.com/watt-toolkit/capacitor/pkg/capacitor/dal.go:332.32,334.3 1 1
github.com/watt-toolkit/capacitor/pkg/capacitor/dal.go:338.37,344.2 1 1
github.com/watt-toolkit/capacitor/pkg/capacitor/dal.go:435.41,436.11 1 0
github.com/watt-toolkit/capacitor/pkg/capacitor/dal.go:437.24,438.19 1 0
github.com/watt-toolkit/capacitor/pkg/capacitor/dal.go:439.32,440.27 1 0
github.com/watt-toolkit/capacitor/pkg/capacitor/dal.go:441.30,442.25 1 0
github.com/watt-toolkit/capacitor/pkg/capacitor/dal.go:443.31,444.26 1 0
github.com/watt-toolkit/capacitor/pkg/capacitor/dal.go:445.29,446.24 1 0
github.com/watt-toolkit/capacitor/pkg/capacitor/dal.go:447.10,448.19 1 0
github.com/watt-toolkit/capacitor/pkg/capacitor/dal.go:475.51,476.31 1 1
github.com/watt-toolkit/capacitor/pkg/capacitor/dal.go:476.31,478.3 1 0
github.com/watt-toolkit/capacitor/pkg/capacitor/dal.go:487.30,488.31 1 1
github.com/watt-toolkit/capacitor/pkg/capacitor/dal.go:488.31,490.3 1 0
github.com/watt-toolkit/capacitor/pkg/capacitor/dal.go:498.42,499.31 1 0
github.com/watt-toolkit/capacitor/pkg/capacitor/dal.go:499.31,501.3 1 0
github.com/watt-toolkit/capacitor/pkg/capacitor/dal.go:505.35,511.2 1 0
github.com/watt-toolkit/capacitor/pkg/capacitor/dal.go:527.37,529.2 1 0
github.com/watt-toolkit/capacitor/pkg/capacitor/dal.go:533.41,534.45 1 0
github.com/watt-toolkit/capacitor/pkg/capacitor/dal.go:534.45,536.3 1 0
github.com/watt-toolkit/capacitor/pkg/capacitor/dal.go:538.2,538.32 1 0
github.com/watt-toolkit/capacitor/pkg/capacitor/dal.go:538.32,539.17 1 0
github.com/watt-toolkit/capacitor/pkg/capacitor/dal.go:539.17,541.4 1 0
github.com/watt-toolkit/capacitor/pkg/capacitor/dal.go:543.2,543.12 1 0
github.com/watt-toolkit/capacitor/pkg/capacitor/dto.go:197.46,198.11 1 0
github.com/watt-toolkit/capacitor/pkg/capacitor/dto.go:199.18,200.16 1 0
github.com/watt-toolkit/capacitor/pkg/capacitor/dto.go:201.21,202.23 1 0
github.com/watt-toolkit/capacitor/pkg/capacitor/dto.go:203.22,204.20 1 0
github.com/watt-toolkit/capacitor/pkg/capacitor/dto.go:205.20,206.18 1 0
github.com/watt-toolkit/capacitor/pkg/capacitor/dto.go:207.10,208.39 1 0
github.com/watt-toolkit/capacitor/pkg/capacitor/dto.go:249.55,250.33 1 0
github.com/watt-toolkit/capacitor/pkg/capacitor/dto.go:250.33,255.3 1 0
github.com/watt-toolkit/capacitor/pkg/capacitor/dto.go:256.2,256.12 1 0
github.com/watt-toolkit/capacitor/pkg/capacitor/dto.go:261.80,262.33 1 0
github.com/watt-toolkit/capacitor/pkg/capacitor/dto.go:262.33,267.3 1 0
github.com/watt-toolkit/capacitor/pkg/capacitor/dto.go:268.2,268.12 1 0
github.com/watt-toolkit/capacitor/pkg/capacitor/dto.go:273.61,278.2 1 0
github.com/watt-toolkit/capacitor/pkg/capacitor/dto.go:281.43,283.2 1 0
github.com/watt-toolkit/capacitor/pkg/capacitor/dto.go:292.52,295.28 1 0
github.com/watt-toolkit/capacitor/pkg/capacitor/dto.go:295.28,299.5 2 0
github.com/watt-toolkit/capacitor/pkg/capacitor/dto.go:305.60,307.16 2 0
github.com/watt-toolkit/capacitor/pkg/capacitor/dto.go:307.16,309.3 1 0
github.com/watt-toolkit/capacitor/pkg/capacitor/dto.go:310.2,310.18 1 0
github.com/watt-toolkit/capacitor/pkg/capacitor/dto.go:314.65,315.50 1 0
github.com/watt-toolkit/capacitor/pkg/capacitor/dto.go:315.50,317.3 1 0
github.com/watt-toolkit/capacitor/pkg/capacitor/dto.go:318.2,318.12 1 0
github.com/watt-toolkit/capacitor/pkg/capacitor/dto.go:322.58,324.2 1 0
github.com/watt-toolkit/capacitor/pkg/capacitor/dto.go:334.54,338.2 1 0
github.com/watt-toolkit/capacitor/pkg/capacitor/dto.go:341.73,347.34 4 0
github.com/watt-toolkit/capacitor/pkg/capacitor/dto.go:347.34,348.40 1 0
github.com/watt-toolkit/capacitor/pkg/capacitor/dto.go:348.40,349.28 1 0
github.com/watt-toolkit/capacitor/pkg/capacitor/dto.go:349.28,353.5 1 0
github.com/watt-toolkit/capacitor/pkg/capacitor/dto.go:356.4,357.39 2 0
github.com/watt-toolkit/capacitor/pkg/capacitor/dto.go:357.39,359.5 1 0
github.com/watt-toolkit/capacitor/pkg/capacitor/dto.go:359.10,362.5 1 0
github.com/watt-toolkit/capacitor/pkg/capacitor/dto.go:366.2,366.26 1 0
github.com/watt-toolkit/capacitor/pkg/capacitor/dto.go:366.26,368.3 1 0
github.com/watt-toolkit/capacitor/pkg/capacitor/dto.go:369.2,369.12 1 0
github.com/watt-toolkit/capacitor/pkg/capacitor/dto.go:373.92,378.13 4 0
github.com/watt-toolkit/capacitor/pkg/capacitor/dto.go:378.13,380.3 1 0
github.com/watt-toolkit/capacitor/pkg/capacitor/dto.go:382.2,382.23 1 0
github.com/watt-toolkit/capacitor/pkg/capacitor/dto.go:386.74,390.2 3 0
github.com/watt-toolkit/capacitor/pkg/capacitor/dto.go:393.54,397.2 3 0
github.com/watt-toolkit/capacitor/pkg/capacitor/dto.go:402.48,403.17 1 0
github.com/watt-toolkit/capacitor/pkg/capacitor/dto.go:403.17,405.3 1 0
github.com/watt-toolkit/capacitor/pkg/capacitor/dto.go:406.2,406.12 1 0
github.com/watt-toolkit/capacitor/pkg/capacitor/dto.go:410.70,411.16 1 0
github.com/watt-toolkit/capacitor/pkg/capacitor/dto.go:411.16,413.3 1 0
github.com/watt-toolkit/capacitor/pkg/capacitor/dto.go:414.2,414.12 1 0
github.com/watt-toolkit/capacitor/pkg/capacitor/dto.go:418.52,419.22 1 0
github.com/watt-toolkit/capacitor/pkg/capacitor/dto.go:419.22,421.3 1 0
github.com/watt-toolkit/capacitor/pkg/capacitor/dto.go:422.2,422.12 1 0
github.com/watt-toolkit/capacitor/pkg/capacitor/dto.go:426.52,427.22 1 0
github.com/watt-toolkit/capacitor/pkg/capacitor/dto.go:427.22,429.3 1 0
github.com/watt-toolkit/capacitor/pkg/capacitor/dto.go:430.2,430.12 1 0
github.com/watt-toolkit/capacitor/pkg/capacitor/dto.go:434.92,435.17 1 0
github.com/watt-toolkit/capacitor/pkg/capacitor/dto.go:435.17,437.3 1 0
github.com/watt-toolkit/capacitor/pkg/capacitor/dto.go:438.2,438.12 1 0
github.com/watt-toolkit/capacitor/pkg/capacitor/dto.go:442.92,443.17 1 0
github.com/watt-toolkit/capacitor/pkg/capacitor/dto.go:443.17,445.3 1 0
github.com/watt-toolkit/capacitor/pkg/capacitor/dto.go:446.2,446.12 1 0
github.com/watt-toolkit/capacitor/pkg/capacitor/dto.go:450.96,451.32 1 0
github.com/watt-toolkit/capacitor/pkg/capacitor/dto.go:451.32,453.3 1 0
github.com/watt-toolkit/capacitor/pkg/capacitor/dto.go:454.2,454.12 1 0
github.com/watt-toolkit/capacitor/pkg/capacitor/dto.go:472.54,475.28 1 0
github.com/watt-toolkit/capacitor/pkg/capacitor/dto.go:475.28,477.5 1 0
github.com/watt-toolkit/capacitor/pkg/capacitor/dto.go:483.30,485.2 1 0
github.com/watt-toolkit/capacitor/pkg/capacitor/dto.go:489.33,492.2 1 0
github.com/watt-toolkit/capacitor/pkg/capacitor/dto.go:502.57,506.2 1 0
github.com/watt-toolkit/capacitor/pkg/capacitor/dto.go:509.47,514.2 4 0
github.com/watt-toolkit/capacitor/pkg/capacitor/dto.go:517.46,521.2 3 0
github.com/watt-toolkit/capacitor/pkg/capacitor/dto.go:524.40,528.2 3 0
github.com/watt-toolkit/capacitor/pkg/capacitor/dto.go:531.34,535.2 3 0
github.com/watt-toolkit/capacitor/pkg/capacitor/dto.go:538.37,542.2 3 0
github.com/watt-toolkit/capacitor/pkg/capacitor/errors.go:75.37,76.17 1 0
github.com/watt-toolkit/capacitor/pkg/capacitor/errors.go:76.17,78.3 1 0
github.com/watt-toolkit/capacitor/pkg/capacitor/errors.go:79.2,79.83 1 0
github.com/watt-toolkit/capacitor/pkg/capacitor/errors.go:84.37,86.2 1 0
github.com/watt-toolkit/capacitor/pkg/capacitor/errors.go:117.40,120.19 2 0
github.com/watt-toolkit/capacitor/pkg/capacitor/errors.go:120.19,122.3 1 0
github.com/watt-toolkit/capacitor/pkg/capacitor/errors.go:124.2,124.19 1 0
github.com/watt-toolkit/capacitor/pkg/capacitor/errors.go:124.19,127.23 2 0
github.com/watt-toolkit/capacitor/pkg/capacitor/errors.go:127.23,129.4 1 0
github.com/watt-toolkit/capacitor/pkg/capacitor/errors.go:130.3,130.59 1 0
github.com/watt-toolkit/capacitor/pkg/capacitor/errors.go:133.2,133.47 1 0
github.com/watt-toolkit/capacitor/pkg/capacitor/errors.go:137.40,139.2 1 0
github.com/watt-toolkit/capacitor/pkg/capacitor/errors.go:177.42,178.24 1 0
github.com/watt-toolkit/capacitor/pkg/capacitor/errors.go:178.24,179.19 1 0
github.com/watt-toolkit/capacitor/pkg/capacitor/errors.go:179.19,181.4 1 0
github.com/watt-toolkit/capacitor/pkg/capacitor/errors.go:182.3,182.57 1 0
github.com/watt-toolkit/capacitor/pkg/capacitor/errors.go:185.2,185.24 1 0
github.com/watt-toolkit/capacitor/pkg/capacitor/errors.go:185.24,187.3 1 0
github.com/watt-toolkit/capacitor/pkg/capacitor/errors.go:190.2,190.82 1 0
github.com/watt-toolkit/capacitor/pkg/capacitor/errors.go:194.42,196.2 1 0
github.com/watt-toolkit/capacitor/pkg/capacitor/errors.go:206.64,211.2 1 0
github.com/watt-toolkit/capacitor/pkg/capacitor/errors.go:234.45,235.18 1 0
github.com/watt-toolkit/capacitor/pkg/capacitor/errors.go:235.18,237.3 1 0
github.com/watt-toolkit/capacitor/pkg/capacitor/errors.go:238.2,238.74 1 0
github.com/watt-toolkit/capacitor/pkg/capacitor/errors.go:242.45,244.2 1 0
github.com/watt-toolkit/capacitor/pkg/capacitor/errors.go:267.47,268.18 1 0
github.com/watt-toolkit/capacitor/pkg/capacitor/errors.go:268.18,270.3 1 0
github.com/watt-toolkit/capacitor/pkg/capacitor/errors.go:271.2,271.76 1 0
github.com/watt-toolkit/capacitor/pkg/capacitor/errors.go:275.47,277.2 1 0
github.com/watt-toolkit/capacitor/pkg/capacitor/errors.go:305.39,307.2 1 0
github.com/watt-toolkit/capacitor/pkg/capacitor/errors.go:310.39,312.2 1 0
github.com/watt-toolkit/capacitor/pkg/capacitor/errors.go:315.43,317.2 1 0
github.com/watt-toolkit/capacitor/pkg/capacitor/errors.go:339.38,340.18 1 0
github.com/watt-toolkit/capacitor/pkg/capacitor/errors.go:340.18,342.3 1 0
github.com/watt-toolkit/capacitor/pkg/capacitor/errors.go:343.2,343.66 1 0
github.com/watt-toolkit/capacitor/pkg/capacitor/errors.go:347.38,349.2 1 0
github.com/watt-toolkit/capacitor/pkg/capacitor/errors.go:361.68,362.16 1 0
github.com/watt-toolkit/capacitor/pkg/capacitor/errors.go:362.16,364.3 1 0
github.com/watt-toolkit/capacitor/pkg/capacitor/errors.go:365.2,370.3 1 0
github.com/watt-toolkit/capacitor/pkg/capacitor/errors.go:381.75,382.16 1 0
github.com/watt-toolkit/capacitor/pkg/capacitor/errors.go:382.16,384.3 1 0
github.com/watt-toolkit/capacitor/pkg/capacitor/errors.go:385.2,391.3 1 0
github.com/watt-toolkit/capacitor/pkg/capacitor/errors.go:402.73,403.16 1 0
github.com/watt-toolkit/capacitor/pkg/capacitor/errors.go:403.16,405.3 1 0
github.com/watt-toolkit/capacitor/pkg/capacitor/errors.go:406.2,411.3 1 0
github.com/watt-toolkit/capacitor/pkg/capacitor/errors.go:421.66,422.16 1 0
github.com/watt-toolkit/capacitor/pkg/capacitor/errors.go:422.16,424.3 1 0
github.com/watt-toolkit/capacitor/pkg/capacitor/errors.go:425.2,429.3 1 0
github.com/watt-toolkit/capacitor/pkg/capacitor/errors.go:439.68,440.16 1 0
github.com/watt-toolkit/capacitor/pkg/capacitor/errors.go:440.16,442.3 1 0
github.com/watt-toolkit/capacitor/pkg/capacitor/errors.go:443.2,447.3 1 0
github.com/watt-toolkit/capacitor/pkg/capacitor/errors.go:460.33,462.2 1 0
github.com/watt-toolkit/capacitor/pkg/capacitor/errors.go:473.31,475.2 1 0
github.com/watt-toolkit/capacitor/pkg/capacitor/errors.go:488.34,490.29 2 0
github.com/watt-toolkit/capacitor/pkg/capacitor/errors.go:490.29,492.3 1 0
github.com/watt-toolkit/capacitor/pkg/capacitor/errors.go:495.2,495.74 1 0
github.com/watt-toolkit/capacitor/pkg/capacitor/errors.go:508.50,510.29 2 0
github.com/watt-toolkit/capacitor/pkg/capacitor/errors.go:510.29,512.3 1 0
github.com/watt-toolkit/capacitor/pkg/capacitor/errors.go:513.2,513.12 1 0
github.com/watt-toolkit/capacitor/pkg/capacitor/multilayer.go:45.92,46.42 1 1
github.com/watt-toolkit/capacitor/pkg/capacitor/multilayer.go:46.42,48.3 1 1
github.com/watt-toolkit/capacitor/pkg/capacitor/multilayer.go:50.2,53.8 1 1
github.com/watt-toolkit/capacitor/pkg/capacitor/multilayer.go:66.74,68.14 2 1
github.com/watt-toolkit/capacitor/pkg/capacitor/multilayer.go:68.14,72.3 3 1
github.com/watt-toolkit/capacitor/pkg/capacitor/multilayer.go:73.2,76.43 2 1
github.com/watt-toolkit/capacitor/pkg/capacitor/multilayer.go:76.43,78.17 2 1
github.com/watt-toolkit/capacitor/pkg/capacitor/multilayer.go:78.17,80.41 1 1
github.com/watt-toolkit/capacitor/pkg/capacitor/multilayer.go:80.41,82.5 1 1
github.com/watt-toolkit/capacitor/pkg/capacitor/multilayer.go:83.4,83.21 1 1
github.com/watt-toolkit/capacitor/pkg/capacitor/multilayer.go:87.3,87.25 1 1
github.com/watt-toolkit/capacitor/pkg/capacitor/multilayer.go:87.25,88.12 1 1
github.com/watt-toolkit/capacitor/pkg/capacitor/multilayer.go:95.2,96.26 2 1
github.com/watt-toolkit/capacitor/pkg/capacitor/multilayer.go:104.99,106.36 1 1
github.com/watt-toolkit/capacitor/pkg/capacitor/multilayer.go:106.36,110.24 2 1
github.com/watt-toolkit/capacitor/pkg/capacitor/multilayer.go:110.24,111.12 1 0
github.com/watt-toolkit/capacitor/pkg/capacitor/multilayer.go:115.3,116.23 2 1
github.com/watt-toolkit/capacitor/pkg/capacitor/multilayer.go:116.23,118.4 1 0
github.com/watt-toolkit/capacitor/pkg/capacitor/multilayer.go:121.3,121.51 1 1
github.com/watt-toolkit/capacitor/pkg/capacitor/multilayer.go:138.97,140.14 2 1
github.com/watt-toolkit/capacitor/pkg/capacitor/multilayer.go:140.14,143.3 2 0
github.com/watt-toolkit/capacitor/pkg/capacitor/multilayer.go:144.2,148.27 3 1
github.com/watt-toolkit/capacitor/pkg/capacitor/multilayer.go:148.27,150.3 1 1
github.com/watt-toolkit/capacitor/pkg/capacitor/multilayer.go:153.2,154.42 2 1
github.com/watt-toolkit/capacitor/pkg/capacitor/multilayer.go:154.42,156.3 1 1
github.com/watt-toolkit/capacitor/pkg/capacitor/multilayer.go:158.2,163.27 4 1
github.com/watt-toolkit/capacitor/pkg/capacitor/multilayer.go:163.27,165.3 1 1
github.com/watt-toolkit/capacitor/pkg/capacitor/multilayer.go:167.2,167.34 1 1
github.com/watt-toolkit/capacitor/pkg/capacitor/multilayer.go:167.34,171.24 2 1
github.com/watt-toolkit/capacitor/pkg/capacitor/multilayer.go:171.24,172.12 1 1
github.com/watt-toolkit/capacitor/pkg/capacitor/multilayer.go:176.3,176.29 1 1
github.com/watt-toolkit/capacitor/pkg/capacitor/multilayer.go:176.29,177.12 1 1
github.com/watt-toolkit/capacitor/pkg/capacitor/multilayer.go:181.3,185.43 3 1
github.com/watt-toolkit/capacitor/pkg/capacitor/multilayer.go:185.43,187.4 1 0
github.com/watt-toolkit/capacitor/pkg/capacitor/multilayer.go:190.3,191.17 2 1
github.com/watt-toolkit/capacitor/pkg/capacitor/multilayer.go:191.17,193.4 1 1
github.com/watt-toolkit/capacitor/pkg/capacitor/multilayer.go:193.9,193.29 1 1
github.com/watt-toolkit/capacitor/pkg/capacitor/multilayer.go:193.29,195.4 1 1
github.com/watt-toolkit/capacitor/pkg/capacitor/multilayer.go:199.2,199.22 1 1
github.com/watt-toolkit/capacitor/pkg/capacitor/multilayer.go:199.22,201.3 1 1
github.com/watt-toolkit/capacitor/pkg/capacitor/multilayer.go:204.2,204.21 1 1
github.com/watt-toolkit/capacitor/pkg/capacitor/multilayer.go:204.21,206.3 1 1
github.com/watt-toolkit/capacitor/pkg/capacitor/multilayer.go:208.2,208.51 1 1
github.com/watt-toolkit/capacitor/pkg/capacitor/multilayer.go:221.72,223.14 2 1
github.com/watt-toolkit/capacitor/pkg/capacitor/multilayer.go:223.14,226.3 2 0
github.com/watt-toolkit/capacitor/pkg/capacitor/multilayer.go:227.2,234.43 5 1
github.com/watt-toolkit/capacitor/pkg/capacitor/multilayer.go:234.43,236.24 1 1
github.com/watt-toolkit/capacitor/pkg/capacitor/multilayer.go:236.24,237.12 1 1
github.com/watt-toolkit/capacitor/pkg/capacitor/multilayer.go:240.3,241.39 2 1
github.com/watt-toolkit/capacitor/pkg/capacitor/multilayer.go:241.39,243.26 2 1
github.com/watt-toolkit/capacitor/pkg/capacitor/multilayer.go:243.26,245.5 1 1
github.com/watt-toolkit/capacitor/pkg/capacitor/multilayer.go:246.9,246.29 1 1
github.com/watt-toolkit/capacitor/pkg/capacitor/multilayer.go:246.29,248.4 1 1
github.com/watt-toolkit/capacitor/pkg/capacitor/multilayer.go:252.2,252.22 1 1
github.com/watt-toolkit/capacitor/pkg/capacitor/multilayer.go:252.22,254.3 1 1
github.com/watt-toolkit/capacitor/pkg/capacitor/multilayer.go:257.2,257.21 1 1
github.com/watt-toolkit/capacitor/pkg/capacitor/multilayer.go:257.21,259.3 1 1
github.com/watt-toolkit/capacitor/pkg/capacitor/multilayer.go:261.2,261.12 1 0
github.com/watt-toolkit/capacitor/pkg/capacitor/multilayer.go:268.80,270.14 2 1
github.com/watt-toolkit/capacitor/pkg/capacitor/multilayer.go:270.14,273.3 2 0
github.com/watt-toolkit/capacitor/pkg/capacitor/multilayer.go:274.2,277.43 2 1
github.com/watt-toolkit/capacitor/pkg/capacitor/multilayer.go:277.43,279.27 2 1
github.com/watt-toolkit/capacitor/pkg/capacitor/multilayer.go:279.27,281.4 1 1
github.com/watt-toolkit/capacitor/pkg/capacitor/multilayer.go:285.2,285.19 1 1
github.com/watt-toolkit/capacitor/pkg/capacitor/multilayer.go:292.97,294.14 2 1
github.com/watt-toolkit/capacitor/pkg/capacitor/multilayer.go:294.14,298.3 3 0
github.com/watt-toolkit/capacitor/pkg/capacitor/multilayer.go:299.2,302.43 2 1
github.com/watt-toolkit/capacitor/pkg/capacitor/multilayer.go:302.43,303.29 1 1
github.com/watt-toolkit/capacitor/pkg/capacitor/multilayer.go:303.29,305.4 1 1
github.com/watt-toolkit/capacitor/pkg/capacitor/multilayer.go:308.2,309.31 2 1
github.com/watt-toolkit/capacitor/pkg/capacitor/multilayer.go:318.45,330.43 4 1
github.com/watt-toolkit/capacitor/pkg/capacitor/multilayer.go:330.43,336.3 4 1
github.com/watt-toolkit/capacitor/pkg/capacitor/multilayer.go:339.2,340.15 2 1
github.com/watt-toolkit/capacitor/pkg/capacitor/multilayer.go:340.15,342.3 1 1
github.com/watt-toolkit/capacitor/pkg/capacitor/multilayer.go:344.2,344.14 1 1
github.com/watt-toolkit/capacitor/pkg/capacitor/multilayer.go:357.94,359.14 2 1
github.com/watt-toolkit/capacitor/pkg/capacitor/multilayer.go:359.14,362.28 3 0
github.com/watt-toolkit/capacitor/pkg/capacitor/multilayer.go:362.28,364.4 1 0
github.com/watt-toolkit/capacitor/pkg/capacitor/multilayer.go:365.3,365.21 1 0
github.com/watt-toolkit/capacitor/pkg/capacitor/multilayer.go:367.2,375.27 5 1
github.com/watt-toolkit/capacitor/pkg/capacitor/multilayer.go:375.27,377.3 1 1
github.com/watt-toolkit/capacitor/pkg/capacitor/multilayer.go:380.2,380.43 1 1
github.com/watt-toolkit/capacitor/pkg/capacitor/multilayer.go:380.43,381.26 1 1
github.com/watt-toolkit/capacitor/pkg/capacitor/multilayer.go:381.26,382.9 1 0
github.com/watt-toolkit/capacitor/pkg/capacitor/multilayer.go:386.3,388.25 2 1
github.com/watt-toolkit/capacitor/pkg/capacitor/multilayer.go:388.25,390.34 1 0
github.com/watt-toolkit/capacitor/pkg/capacitor/multilayer.go:390.34,394.42 2 0
github.com/watt-toolkit/capacitor/pkg/capacitor/multilayer.go:394.42,396.6 1 0
github.com/watt-toolkit/capacitor/pkg/capacitor/multilayer.go:400.4,401.34 2 0
github.com/watt-toolkit/capacitor/pkg/capacitor/multilayer.go:401.34,402.45 1 0
github.com/watt-toolkit/capacitor/pkg/capacitor/multilayer.go:402.45,404.6 1 0
github.com/watt-toolkit/capacitor/pkg/capacitor/multilayer.go:406.4,406.28 1 0
github.com/watt-toolkit/capacitor/pkg/capacitor/multilayer.go:407.9,410.34 2 1
github.com/watt-toolkit/capacitor/pkg/capacitor/multilayer.go:410.34,412.19 2 1
github.com/watt-toolkit/capacitor/pkg/capacitor/multilayer.go:412.19,416.43 2 1
github.com/watt-toolkit/capacitor/pkg/capacitor/multilayer.go:416.43,418.7 1 1
github.com/watt-toolkit/capacitor/pkg/capacitor/multilayer.go:419.11,419.34 1 1
github.com/watt-toolkit/capacitor/pkg/capacitor/multilayer.go:419.34,422.6 1 0
github.com/watt-toolkit/capacitor/pkg/capacitor/multilayer.go:422.11,424.6 1 1
github.com/watt-toolkit/capacitor/pkg/capacitor/multilayer.go:426.4,426.28 1 1
github.com/watt-toolkit/capacitor/pkg/capacitor/multilayer.go:431.2,431.32 1 1
github.com/watt-toolkit/capacitor/pkg/capacitor/multilayer.go:431.32,433.3 1 1
github.com/watt-toolkit/capacitor/pkg/capacitor/multilayer.go:435.2,435.23 1 1
github.com/watt-toolkit/capacitor/pkg/capacitor/multilayer.go:446.107,448.14 2 1
github.com/watt-toolkit/capacitor/pkg/capacitor/multilayer.go:448.14,451.24 3 0
github.com/watt-toolkit/capacitor/pkg/capacitor/multilayer.go:451.24,453.4 1 0
github.com/watt-toolkit/capacitor/pkg/capacitor/multilayer.go:454.3,454.16 1 0
github.com/watt-toolkit/capacitor/pkg/capacitor/multilayer.go:456.2,462.27 4 1
github.com/watt-toolkit/capacitor/pkg/capacitor/multilayer.go:462.27,464.3 1 1
github.com/watt-toolkit/capacitor/pkg/capacitor/multilayer.go:467.2,469.34 2 1
github.com/watt-toolkit/capacitor/pkg/capacitor/multilayer.go:469.34,473.24 2 1
github.com/watt-toolkit/capacitor/pkg/capacitor/multilayer.go:473.24,474.12 1 0
github.com/watt-toolkit/capacitor/pkg/capacitor/multilayer.go:478.3,483.28 4 1
github.com/watt-toolkit/capacitor/pkg/capacitor/multilayer.go:483.28,485.4 1 0
github.com/watt-toolkit/capacitor/pkg/capacitor/multilayer.go:486.3,486.43 1 1
github.com/watt-toolkit/capacitor/pkg/capacitor/multilayer.go:486.43,488.4 1 0
github.com/watt-toolkit/capacitor/pkg/capacitor/multilayer.go:491.3,493.30 2 1
github.com/watt-toolkit/capacitor/pkg/capacitor/multilayer.go:493.30,495.25 1 0
github.com/watt-toolkit/capacitor/pkg/capacitor/multilayer.go:495.25,496.54 1 0
github.com/watt-toolkit/capacitor/pkg/capacitor/multilayer.go:496.54,498.6 1 0
github.com/watt-toolkit/capacitor/pkg/capacitor/multilayer.go:500.9,502.28 1 1
github.com/watt-toolkit/capacitor/pkg/capacitor/multilayer.go:502.28,504.19 2 1
github.com/watt-toolkit/capacitor/pkg/capacitor/multilayer.go:504.19,506.6 1 1
github.com/watt-toolkit/capacitor/pkg/capacitor/multilayer.go:506.11,506.22 1 1
github.com/watt-toolkit/capacitor/pkg/capacitor/multilayer.go:506.22,509.6 1 1
github.com/watt-toolkit/capacitor/pkg/capacitor/multilayer.go:515.2,516.23 2 1
github.com/watt-toolkit/capacitor/pkg/capacitor/multilayer.go:516.23,517.24 1 1
github.com/watt-toolkit/capacitor/pkg/capacitor/multilayer.go:517.24,518.40 1 1
github.com/watt-toolkit/capacitor/pkg/capacitor/multilayer.go:518.40,520.5 1 1
github.com/watt-toolkit/capacitor/pkg/capacitor/multilayer.go:520.10,522.5 1 0
github.com/watt-toolkit/capacitor/pkg/capacitor/multilayer.go:526.2,526.20 1 1
github.com/watt-toolkit/capacitor/pkg/capacitor/multilayer.go:533.86,535.14 2 1
github.com/watt-toolkit/capacitor/pkg/capacitor/multilayer.go:535.14,538.28 3 0
github.com/watt-toolkit/capacitor/pkg/capacitor/multilayer.go:538.28,540.4 1 0
github.com/watt-toolkit/capacitor/pkg/capacitor/multilayer.go:541.3,541.16 1 0
github.com/watt-toolkit/capacitor/pkg/capacitor/multilayer.go:543.2,549.43 4 1
github.com/watt-toolkit/capacitor/pkg/capacitor/multilayer.go:549.43,551.24 1 1
github.com/watt-toolkit/capacitor/pkg/capacitor/multilayer.go:551.24,552.12 1 0
github.com/watt-toolkit/capacitor/pkg/capacitor/multilayer.go:556.3,558.25 2 1
github.com/watt-toolkit/capacitor/pkg/capacitor/multilayer.go:558.25,560.27 1 0
github.com/watt-toolkit/capacitor/pkg/capacitor/multilayer.go:560.27,561.49 1 0
github.com/watt-toolkit/capacitor/pkg/capacitor/multilayer.go:561.49,563.6 1 0
github.com/watt-toolkit/capacitor/pkg/capacitor/multilayer.go:565.9,567.27 1 1
github.com/watt-toolkit/capacitor/pkg/capacitor/multilayer.go:567.27,569.41 2 1
github.com/watt-toolkit/capacitor/pkg/capacitor/multilayer.go:569.41,571.6 1 1
github.com/watt-toolkit/capacitor/pkg/capacitor/multilayer.go:571.11,571.33 1 0
github.com/watt-toolkit/capacitor/pkg/capacitor/multilayer.go:571.33,573.6 1 0
github.com/watt-toolkit/capacitor/pkg/capacitor/multilayer.go:579.2,580.25 2 1
github.com/watt-toolkit/capacitor/pkg/capacitor/multilayer.go:580.25,581.24 1 1
github.com/watt-toolkit/capacitor/pkg/capacitor/multilayer.go:581.24,582.40 1 0
github.com/watt-toolkit/capacitor/pkg/capacitor/multilayer.go:582.40,584.5 1 0
github.com/watt-toolkit/capacitor/pkg/capacitor/multilayer.go:584.10,586.5 1 0
github.com/watt-toolkit/capacitor/pkg/capacitor/multilayer.go:590.2,590.20 1 1
github.com/watt-toolkit/capacitor/pkg/capacitor/multilayer.go:597.93,599.14 2 1
github.com/watt-toolkit/capacitor/pkg/capacitor/multilayer.go:599.14,602.3 2 1
github.com/watt-toolkit/capacitor/pkg/capacitor/multilayer.go:603.2,607.43 2 1
github.com/watt-toolkit/capacitor/pkg/capacitor/multilayer.go:607.43,609.17 2 1
github.com/watt-toolkit/capacitor/pkg/capacitor/multilayer.go:609.17,611.4 1 1
github.com/watt-toolkit/capacitor/pkg/capacitor/multilayer.go:612.3,612.38 1 1
github.com/watt-toolkit/capacitor/pkg/capacitor/multilayer.go:612.38,614.4 1 0
github.com/watt-toolkit/capacitor/pkg/capacitor/multilayer.go:617.2,617.33 1 1
github.com/watt-toolkit/capacitor/pkg/capacitor/multilayer.go:624.75,626.14 2 1
github.com/watt-toolkit/capacitor/pkg/capacitor/multilayer.go:626.14,629.3 2 1
github.com/watt-toolkit/capacitor/pkg/capacitor/multilayer.go:630.2,636.43 4 1
github.com/watt-toolkit/capacitor/pkg/capacitor/multilayer.go:636.43,637.56 1 1
github.com/watt-toolkit/capacitor/pkg/capacitor/multilayer.go:637.56,637.72 1 1
github.com/watt-toolkit/capacitor/pkg/capacitor/multilayer.go:638.3,638.38 1 1
github.com/watt-toolkit/capacitor/pkg/capacitor/multilayer.go:638.38,640.9 2 1
github.com/watt-toolkit/capacitor/pkg/capacitor/multilayer.go:644.2,644.22 1 1
github.com/watt-toolkit/capacitor/pkg/capacitor/multilayer.go:644.22,647.3 2 1
github.com/watt-toolkit/capacitor/pkg/capacitor/multilayer.go:650.2,650.12 1 1
github.com/watt-toolkit/capacitor/pkg/capacitor/multilayer.go:650.12,652.48 2 1
github.com/watt-toolkit/capacitor/pkg/capacitor/multilayer.go:652.48,653.11 1 1
github.com/watt-toolkit/capacitor/pkg/capacitor/multilayer.go:654.17,655.16 1 1
github.com/watt-toolkit/capacitor/pkg/capacitor/multilayer.go:656.22,657.17 1 1
github.com/watt-toolkit/capacitor/pkg/capacitor/multilayer.go:662.2,662.16 1 1
github.com/watt-toolkit/capacitor/pkg/capacitor/multilayer.go:669.77,671.14 2 1
github.com/watt-toolkit/capacitor/pkg/capacitor/multilayer.go:671.14,674.3 2 1
github.com/watt-toolkit/capacitor/pkg/capacitor/multilayer.go:675.2,681.43 4 1
github.com/watt-toolkit/capacitor/pkg/capacitor/multilayer.go:681.43,682.56 1 1
github.com/watt-toolkit/capacitor/pkg/capacitor/multilayer.go:682.56,682.72 1 1
github.com/watt-toolkit/capacitor/pkg/capacitor/multilayer.go:683.3,683.38 1 1
github.com/watt-toolkit/capacitor/pkg/capacitor/multilayer.go:683.38,685.9 2 1
github.com/watt-toolkit/capacitor/pkg/capacitor/multilayer.go:689.2,689.22 1 1
github.com/watt-toolkit/capacitor/pkg/capacitor/multilayer.go:689.22,692.3 2 1
github.com/watt-toolkit/capacitor/pkg/capacitor/multilayer.go:695.2,695.12 1 1
github.com/watt-toolkit/capacitor/pkg/capacitor/multilayer.go:695.12,697.48 2 1
github.com/watt-toolkit/capacitor/pkg/capacitor/multilayer.go:697.48,698.11 1 1
github.com/watt-toolkit/capacitor/pkg/capacitor/multilayer.go:699.17,700.16 1 1
github.com/watt-toolkit/capacitor/pkg/capacitor/multilayer.go:701.22,702.17 1 0
github.com/watt-toolkit/capacitor/pkg/capacitor/multilayer.go:707.2,707.16 1 1
github.com/watt-toolkit/capacitor/pkg/capacitor/multilayer.go:717.96,719.14 2 1
github.com/watt-toolkit/capacitor/pkg/capacitor/multilayer.go:719.14,722.3 2 1
github.com/watt-toolkit/capacitor/pkg/capacitor/multilayer.go:723.2,726.43 2 1
github.com/watt-toolkit/capacitor/pkg/capacitor/multilayer.go:726.43,728.17 2 1
github.com/watt-toolkit/capacitor/pkg/capacitor/multilayer.go:728.17,730.4 1 1
github.com/watt-toolkit/capacitor/pkg/capacitor/multilayer.go:731.3,731.31 1 1
github.com/watt-toolkit/capacitor/pkg/capacitor/multilayer.go:731.31,733.4 1 0
github.com/watt-toolkit/capacitor/pkg/capacitor/multilayer.go:736.2,736.31 1 1
github.com/watt-toolkit/capacitor/pkg/capacitor/multilayer.go:744.45,748.14 3 1
github.com/watt-toolkit/capacitor/pkg/capacitor/multilayer.go:748.14,750.3 1 1
github.com/watt-toolkit/capacitor/pkg/capacitor/multilayer.go:752.2,757.43 3 1
github.com/watt-toolkit/capacitor/pkg/capacitor/multilayer.go:757.43,758.67 1 1
github.com/watt-toolkit/capacitor/pkg/capacitor/multilayer.go:758.67,760.4 1 0
github.com/watt-toolkit/capacitor/pkg/capacitor/multilayer.go:763.2,763.17 1 1
